trunk/EasyBrowser/proguard/seeds.txt
easy.browser.R$drawable: int about
easy.browser.R$drawable: int border
easy.browser.R$drawable: int button_layout
easy.browser.R$drawable: int button_layout_unselected
easy.browser.R$drawable: int capture
easy.browser.R$drawable: int circle_transparent
easy.browser.R$drawable: int copy
easy.browser.R$drawable: int downloads
easy.browser.R$drawable: int exit
easy.browser.R$drawable: int explorer
easy.browser.R$drawable: int favorites_add
easy.browser.R$drawable: int go
easy.browser.R$drawable: int home
easy.browser.R$drawable: int html_w
easy.browser.R$drawable: int newpage
easy.browser.R$drawable: int next
easy.browser.R$drawable: int prev
easy.browser.R$drawable: int refresh
easy.browser.R$drawable: int round_corner
easy.browser.R$drawable: int round_corner_light
easy.browser.R$drawable: int round_corner_white
easy.browser.R$drawable: int search
easy.browser.R$drawable: int share
easy.browser.R$drawable: int stop
easy.browser.R$id: int adContainer
easy.browser.R$id: int addfavorite
easy.browser.R$id: int adsParent
easy.browser.R$id: int advance_button
easy.browser.R$id: int advance_settings
easy.browser.R$id: int appicon
easy.browser.R$id: int appname
easy.browser.R$id: int basic_settings
easy.browser.R$id: int block_image
easy.browser.R$id: int block_js
easy.browser.R$id: int block_popup
easy.browser.R$id: int cache_prefer
easy.browser.R$id: int cache_tosd
easy.browser.R$id: int clear
easy.browser.R$id: int clear_bookmark
easy.browser.R$id: int clear_cache
easy.browser.R$id: int clear_cookie
easy.browser.R$id: int clear_formdata
easy.browser.R$id: int clear_history
easy.browser.R$id: int clear_password
easy.browser.R$id: int close_search
easy.browser.R$id: int control_buttons
easy.browser.R$id: int download_name
easy.browser.R$id: int edit_favo
easy.browser.R$id: int enable_proxy
easy.browser.R$id: int encoding
easy.browser.R$id: int font_size
easy.browser.R$id: int full_screen
easy.browser.R$id: int go
easy.browser.R$id: int gridview
easy.browser.R$id: int help1
easy.browser.R$id: int hide_exit
easy.browser.R$id: int home
easy.browser.R$id: int html5
easy.browser.R$id: int line1
easy.browser.R$id: int line2
easy.browser.R$id: int loadprogress
easy.browser.R$id: int local_port
easy.browser.R$id: int mailto
easy.browser.R$id: int margin1dip
easy.browser.R$id: int newpage
easy.browser.R$id: int next
easy.browser.R$id: int notification_dialog
easy.browser.R$id: int opennewpage
easy.browser.R$layout: int about_browser
easy.browser.R$layout: int addfavo_browser
easy.browser.R$layout: int browser
easy.browser.R$layout: int grid_menu
easy.browser.R$layout: int icon_list
easy.browser.R$layout: int notification_dialog
easy.browser.R$layout: int pause
easy.browser.R$layout: int snap_browser
easy.browser.R$layout: int web_list
...
easy.lib.MyApp
easy.lib.MyViewFlipper
easy.lib.MyViewFlipper: MyViewFlipper(android.content.Context)
easy.lib.MyViewFlipper: MyViewFlipper(android.content.Context,android.util.AttributeSet)
easy.lib.R$drawable: int about
easy.lib.R$drawable: int border
easy.lib.R$drawable: int button_layout
easy.lib.R$drawable: int button_layout_unselected
easy.lib.R$drawable: int capture
easy.lib.R$drawable: int circle_transparent
easy.lib.R$drawable: int copy
easy.lib.R$drawable: int downloads
easy.lib.R$drawable: int exit
easy.lib.R$drawable: int explorer
easy.lib.R$drawable: int favorites_add
easy.lib.R$drawable: int go
easy.lib.R$drawable: int home
easy.lib.R$drawable: int html_w
easy.lib.R$drawable: int newpage
easy.lib.R$drawable: int next
easy.lib.R$drawable: int prev
easy.lib.R$drawable: int refresh
easy.lib.R$drawable: int round_corner
easy.lib.R$drawable: int round_corner_light
easy.lib.R$drawable: int round_corner_white
easy.lib.R$drawable: int search
easy.lib.R$drawable: int share
easy.lib.R$drawable: int stop
easy.lib.R$id: int adContainer
easy.lib.R$id: int addfavorite
easy.lib.R$id: int adsParent
easy.lib.R$id: int advance_button
easy.lib.R$id: int advance_settings
easy.lib.R$id: int appicon
easy.lib.R$id: int appname
easy.lib.R$id: int basic_settings
easy.lib.R$id: int block_image
easy.lib.R$id: int block_js
easy.lib.R$id: int block_popup
easy.lib.R$id: int cache_prefer
easy.lib.R$id: int cache_tosd
easy.lib.R$id: int clear
easy.lib.R$id: int clear_bookmark
easy.lib.R$id: int clear_cache
easy.lib.R$id: int clear_cookie
easy.lib.R$id: int clear_formdata
easy.lib.R$id: int clear_history
easy.lib.R$id: int clear_password
easy.lib.R$id: int close_search
easy.lib.R$id: int control_buttons
easy.lib.R$id: int download_name
easy.lib.R$id: int edit_favo
easy.lib.R$id: int enable_proxy
easy.lib.R$id: int encoding
easy.lib.R$id: int font_size
easy.lib.R$id: int full_screen
easy.lib.R$id: int go
easy.lib.R$id: int gridview
easy.lib.R$id: int help1
easy.lib.R$id: int hide_exit
easy.lib.R$id: int home
easy.lib.R$id: int html5
easy.lib.R$id: int line1
easy.lib.R$id: int line2
easy.lib.R$id: int loadprogress
easy.lib.R$id: int local_port
easy.lib.R$id: int mailto
easy.lib.R$id: int margin1dip
easy.lib.R$id: int newpage
easy.lib.R$id: int next
easy.lib.R$id: int notification_dialog
easy.lib.R$id: int opennewpage
easy.lib.R$id: int overview_page
easy.lib.R$id: int pause
easy.lib.R$id: int pause_download
easy.lib.R$id: int prev
easy.lib.R$id: int progress
easy.lib.R$id: int progress_bar
easy.lib.R$layout: int about_browser
easy.lib.R$layout: int addfavo_browser
easy.lib.R$layout: int browser
easy.lib.R$layout: int grid_menu
easy.lib.R$layout: int icon_list
easy.lib.R$layout: int notification_dialog
easy.lib.R$layout: int pause
easy.lib.R$layout: int snap_browser
easy.lib.R$layout: int web_list