trunk/EasyBrowser/proguard/usage.txt
easy.browser.BuildConfig
easy.browser.R
easy.browser.R$attr
easy.browser.R$drawable
easy.browser.R$id
easy.browser.R$layout
easy.browser.R$string
...
a:
    private a()
android.annotation.SuppressLint
android.annotation.TargetApi
com.google.ads.Ad:
    public abstract boolean isReady()
    public abstract void loadAd(com.google.ads.AdRequest)
    public abstract void setAdListener(com.google.ads.AdListener)
    public abstract void stopLoading()
com.google.ads.AdActivity:
    public static final java.lang.String BASE_URL_PARAM
    public static final java.lang.String HTML_PARAM
    public static final java.lang.String URL_PARAM
    public static final java.lang.String INTENT_ACTION_PARAM
    public static final java.lang.String TYPE_PARAM
    public static final java.lang.String ORIENTATION_PARAM
com.google.ads.AdRequest:
    public static final java.lang.String VERSION
    public static final java.lang.String LOGTAG
    public void setGender(com.google.ads.AdRequest$Gender)
    public void setBirthday(java.lang.String)
    public void setKeywords(java.util.Set)
    public void setExtras(java.util.Map)
    public void addExtra(java.lang.String,java.lang.Object)
    public void setLocation(android.location.Location)
    public void setTesting(boolean)
    public void addTestDevice(java.lang.String)
    public void setTestDevices(java.util.Set)
com.google.ads.AdSize:
    public AdSize(int,int)
com.google.ads.AdView:
    public boolean isReady()
    public void stopLoading()
com.google.ads.InterstitialAd:
    private d a
    public InterstitialAd(android.app.Activity,java.lang.String)
    public InterstitialAd(android.app.Activity,java.lang.String,boolean)
    public boolean isReady()
    public void loadAd(com.google.ads.AdRequest)
    public void show()
    public void setAdListener(com.google.ads.AdListener)
    public void stopLoading()
com.google.ads.util.AdUtil:
    private AdUtil()
com.google.ads.util.a:
    private a()
com.google.ads.util.c:
    private c()
d:
    public final synchronized boolean o()
    public final synchronized void y()
easy.lib.AboutBrowser:
    android.widget.CheckBox cbCss
    android.widget.RadioGroup historyCount
easy.lib.HanziToPinyin:
    private static final java.lang.String TAG
    private static final boolean DEBUG
    private static final java.lang.String FIRST_PINYIN_UNIHAN
    private static final java.lang.String LAST_PINYIN_UNIHAN
    private static final char FIRST_UNIHAN
    318:333:private static boolean doSelfValidation()
    408:458:public java.util.ArrayList get(java.lang.String)
    463:466:private void addToken(java.lang.StringBuilder,java.util.ArrayList,int)
easy.lib.HanziToPinyin$Token:
    public static final java.lang.String SEPARATOR
    public static final int LATIN
    public static final int PINYIN
    public static final int UNKNOWN
    264:268:public HanziToPinyin$Token(int,java.lang.String,java.lang.String)
easy.lib.ProxySettings:
    static final int PROXY_CHANGED
    27:27:public ProxySettings()
easy.lib.R:
    10:10:public R()
easy.lib.R$attr
easy.lib.R$drawable:
    13:13:public R$drawable()
easy.lib.R$id:
    39:39:public R$id()
easy.lib.R$layout:
    117:117:public R$layout()
easy.lib.R$string:
    128:128:public R$string()
easy.lib.util:
    27:27:public util()
    57:80:public static boolean startApp(android.content.pm.ResolveInfo,android.content.Context)
easy.lib.util$2